[     296ms] [INFO] %cDownload the React DevTools for a better development experience: https://react.dev/link/react-devtools font-weight:bold @ http://localhost:3001/_next/static/chunks/node_modules_next_dist_f3530cac._.js:2297
[     317ms] [LOG] [HMR] connected @ http://localhost:3001/_next/static/chunks/node_modules_next_dist_f3530cac._.js:2297
[     424ms] [ERROR] Failed to load resource: the server responded with a status of 500 (Internal Server Error) @ http://localhost:3001/api/users/settings:0
[     496ms] [ERROR] Failed to load resource: the server responded with a status of 500 (Internal Server Error) @ http://localhost:3001/api/users/settings:0
[     562ms] [ERROR] Failed to load resource: the server responded with a status of 500 (Internal Server Error) @ http://localhost:3001/api/users/settings:0
[   53558ms] [INFO] %cDownload the React DevTools for a better development experience: https://react.dev/link/react-devtools font-weight:bold @ http://localhost:3001/_next/static/chunks/node_modules_next_dist_f3530cac._.js:2297
[   53582ms] [LOG] [HMR] connected @ http://localhost:3001/_next/static/chunks/node_modules_next_dist_f3530cac._.js:2297
[   53679ms] [ERROR] Failed to load resource: the server responded with a status of 500 (Internal Server Error) @ http://localhost:3001/api/users/settings:0
[   53700ms] [LOG] [useCallHistory] Group filter DEBUG: {groupFilter: , userGroupsCount: 0, userGroups: Array(0), agentProfilesCount: 0, totalCalls: 0} @ http://localhost:3001/_next/static/chunks/node_modules_next_dist_f3530cac._.js:2297
[   53701ms] [LOG] [useCallHistory] Filter results: {inputCount: 0, outputCount: 0} @ http://localhost:3001/_next/static/chunks/node_modules_next_dist_f3530cac._.js:2297
[   53704ms] [LOG] [useCallHistory] Group filter DEBUG: {groupFilter: , userGroupsCount: 0, userGroups: Array(0), agentProfilesCount: 0, totalCalls: 0} @ http://localhost:3001/_next/static/chunks/node_modules_next_dist_f3530cac._.js:2297
[   53704ms] [LOG] [useCallHistory] Filter results: {inputCount: 0, outputCount: 0} @ http://localhost:3001/_next/static/chunks/node_modules_next_dist_f3530cac._.js:2297
[   54893ms] [LOG] [useCallHistory] API /api/ctm/agents response: {agentsCount: 20, userGroupsCount: undefined, firstAgent: Object, firstGroup: undefined} @ http://localhost:3001/_next/static/chunks/node_modules_next_dist_f3530cac._.js:2297
[   54893ms] [LOG] [useCallHistory] Mapped agentProfiles: [Object, Object, Object] @ http://localhost:3001/_next/static/chunks/node_modules_next_dist_f3530cac._.js:2297
[   54898ms] [LOG] [useCallHistory] API /api/ctm/agents response: {agentsCount: 20, userGroupsCount: undefined, firstAgent: Object, firstGroup: undefined} @ http://localhost:3001/_next/static/chunks/node_modules_next_dist_f3530cac._.js:2297
[   54898ms] [LOG] [useCallHistory] Mapped agentProfiles: [Object, Object, Object] @ http://localhost:3001/_next/static/chunks/node_modules_next_dist_f3530cac._.js:2297
[   54899ms] [LOG] [useCallHistory] Group filter DEBUG: {groupFilter: , userGroupsCount: 0, userGroups: Array(0), agentProfilesCount: 20, totalCalls: 0} @ http://localhost:3001/_next/static/chunks/node_modules_next_dist_f3530cac._.js:2297
[   54900ms] [LOG] [useCallHistory] Filter results: {inputCount: 0, outputCount: 0} @ http://localhost:3001/_next/static/chunks/node_modules_next_dist_f3530cac._.js:2297
[   54905ms] [LOG] [useCallHistory] Group filter DEBUG: {groupFilter: , userGroupsCount: 0, userGroups: Array(0), agentProfilesCount: 20, totalCalls: 0} @ http://localhost:3001/_next/static/chunks/node_modules_next_dist_f3530cac._.js:2297
[   54906ms] [LOG] [useCallHistory] Filter results: {inputCount: 0, outputCount: 0} @ http://localhost:3001/_next/static/chunks/node_modules_next_dist_f3530cac._.js:2297
[   55643ms] [LOG] [useCallHistory] Group filter DEBUG: {groupFilter: , userGroupsCount: 0, userGroups: Array(0), agentProfilesCount: 20, totalCalls: 10} @ http://localhost:3001/_next/static/chunks/node_modules_next_dist_f3530cac._.js:2297
[   55643ms] [LOG] [useCallHistory] Filter results: {inputCount: 10, outputCount: 10} @ http://localhost:3001/_next/static/chunks/node_modules_next_dist_f3530cac._.js:2297
[   56694ms] [LOG] [useCallHistory] Group filter DEBUG: {groupFilter: , userGroupsCount: 0, userGroups: Array(0), agentProfilesCount: 20, totalCalls: 10} @ http://localhost:3001/_next/static/chunks/node_modules_next_dist_f3530cac._.js:2297
[   56695ms] [LOG] [useCallHistory] Filter results: {inputCount: 10, outputCount: 10} @ http://localhost:3001/_next/static/chunks/node_modules_next_dist_f3530cac._.js:2297
