[     530ms] [INFO] %cDownload the React DevTools for a better development experience: https://react.dev/link/react-devtools font-weight:bold @ http://localhost:3001/_next/static/chunks/node_modules_next_dist_f3530cac._.js:2297
[     602ms] [LOG] [HMR] connected @ http://localhost:3001/_next/static/chunks/node_modules_next_dist_f3530cac._.js:2297
[     709ms] [ERROR] Failed to load resource: the server responded with a status of 401 (Unauthorized) @ http://localhost:3001/api/auth/session:0
[     713ms] [ERROR] Failed to load resource: the server responded with a status of 401 (Unauthorized) @ http://localhost:3001/api/users/permissions:0
[     730ms] [ERROR] Failed to load resource: the server responded with a status of 401 (Unauthorized) @ http://localhost:3001/api/users/settings:0
[     730ms] [LOG] [Fast Refresh] rebuilding @ http://localhost:3001/_next/static/chunks/node_modules_next_dist_f3530cac._.js:2297
[     744ms] [LOG] [Fast Refresh] done in 116ms @ http://localhost:3001/_next/static/chunks/node_modules_next_dist_f3530cac._.js:2297
[    2404ms] [LOG] [Fast Refresh] rebuilding @ http://localhost:3001/_next/static/chunks/node_modules_next_dist_f3530cac._.js:2297
[    2458ms] [LOG] [Fast Refresh] done in 154ms @ http://localhost:3001/_next/static/chunks/node_modules_next_dist_f3530cac._.js:2297
[    2526ms] [VERBOSE] [DOM] Input elements should have autocomplete attributes (suggested: "username"): (More info: https://goo.gl/9p2vKq) %o @ http://localhost:3001/:0
[    2600ms] [INFO] %cDownload the React DevTools for a better development experience: https://react.dev/link/react-devtools font-weight:bold @ http://localhost:3001/_next/static/chunks/node_modules_next_dist_f3530cac._.js:2297
[    2619ms] [LOG] [HMR] connected @ http://localhost:3001/_next/static/chunks/node_modules_next_dist_f3530cac._.js:2297
[    2738ms] [LOG] [Fast Refresh] rebuilding @ http://localhost:3001/_next/static/chunks/node_modules_next_dist_f3530cac._.js:2297
[    2739ms] [LOG] [Fast Refresh] done in 107ms @ http://localhost:3001/_next/static/chunks/node_modules_next_dist_f3530cac._.js:2297
[    4325ms] [VERBOSE] [DOM] Input elements should have autocomplete attributes (suggested: "username"): (More info: https://goo.gl/9p2vKq) %o @ http://localhost:3001/:0
[    4377ms] [INFO] %cDownload the React DevTools for a better development experience: https://react.dev/link/react-devtools font-weight:bold @ http://localhost:3001/_next/static/chunks/node_modules_next_dist_f3530cac._.js:2297
[    4391ms] [LOG] [HMR] connected @ http://localhost:3001/_next/static/chunks/node_modules_next_dist_f3530cac._.js:2297
[    5233ms] [LOG] [Fast Refresh] rebuilding @ http://localhost:3001/_next/static/chunks/node_modules_next_dist_f3530cac._.js:2297
[    5313ms] [LOG] [Fast Refresh] done in 182ms @ http://localhost:3001/_next/static/chunks/node_modules_next_dist_f3530cac._.js:2297
[    5314ms] [ERROR] Failed to load resource: the server responded with a status of 500 (Internal Server Error) @ http://localhost:3001/api/users/settings:0
[    5414ms] [LOG] [Fast Refresh] rebuilding @ http://localhost:3001/_next/static/chunks/node_modules_next_dist_f3530cac._.js:2297
[    5434ms] [ERROR] Failed to load resource: the server responded with a status of 500 (Internal Server Error) @ http://localhost:3001/api/users/settings:0
[    5448ms] [LOG] [Fast Refresh] done in 136ms @ http://localhost:3001/_next/static/chunks/node_modules_next_dist_f3530cac._.js:2297
[    5521ms] [ERROR] Failed to load resource: the server responded with a status of 500 (Internal Server Error) @ http://localhost:3001/api/users/settings:0
[    5626ms] [ERROR] Failed to load resource: the server responded with a status of 500 (Internal Server Error) @ http://localhost:3001/api/users/settings:0
[   15833ms] [INFO] %cDownload the React DevTools for a better development experience: https://react.dev/link/react-devtools font-weight:bold @ http://localhost:3001/_next/static/chunks/node_modules_next_dist_f3530cac._.js:2297
[   15853ms] [LOG] [HMR] connected @ http://localhost:3001/_next/static/chunks/node_modules_next_dist_f3530cac._.js:2297
[   15966ms] [ERROR] Failed to load resource: the server responded with a status of 500 (Internal Server Error) @ http://localhost:3001/api/users/settings:0
[   15996ms] [LOG] [useCallHistory] Group filter DEBUG: {groupFilter: , userGroupsCount: 0, userGroups: Array(0), agentProfilesCount: 0, totalCalls: 0} @ http://localhost:3001/_next/static/chunks/node_modules_next_dist_f3530cac._.js:2297
[   15998ms] [LOG] [useCallHistory] Filter results: {inputCount: 0, outputCount: 0} @ http://localhost:3001/_next/static/chunks/node_modules_next_dist_f3530cac._.js:2297
[   16000ms] [LOG] [useCallHistory] Group filter DEBUG: {groupFilter: , userGroupsCount: 0, userGroups: Array(0), agentProfilesCount: 0, totalCalls: 0} @ http://localhost:3001/_next/static/chunks/node_modules_next_dist_f3530cac._.js:2297
[   16001ms] [LOG] [useCallHistory] Filter results: {inputCount: 0, outputCount: 0} @ http://localhost:3001/_next/static/chunks/node_modules_next_dist_f3530cac._.js:2297
[   17158ms] [LOG] [useCallHistory] API /api/ctm/agents response: {agentsCount: 20, userGroupsCount: undefined, firstAgent: Object, firstGroup: undefined} @ http://localhost:3001/_next/static/chunks/node_modules_next_dist_f3530cac._.js:2297
[   17159ms] [LOG] [useCallHistory] Mapped agentProfiles: [Object, Object, Object] @ http://localhost:3001/_next/static/chunks/node_modules_next_dist_f3530cac._.js:2297
[   17165ms] [LOG] [useCallHistory] Group filter DEBUG: {groupFilter: , userGroupsCount: 0, userGroups: Array(0), agentProfilesCount: 20, totalCalls: 0} @ http://localhost:3001/_next/static/chunks/node_modules_next_dist_f3530cac._.js:2297
[   17166ms] [LOG] [useCallHistory] Filter results: {inputCount: 0, outputCount: 0} @ http://localhost:3001/_next/static/chunks/node_modules_next_dist_f3530cac._.js:2297
[   17166ms] [LOG] [useCallHistory] API /api/ctm/agents response: {agentsCount: 20, userGroupsCount: undefined, firstAgent: Object, firstGroup: undefined} @ http://localhost:3001/_next/static/chunks/node_modules_next_dist_f3530cac._.js:2297
[   17166ms] [LOG] [useCallHistory] Mapped agentProfiles: [Object, Object, Object] @ http://localhost:3001/_next/static/chunks/node_modules_next_dist_f3530cac._.js:2297
[   17171ms] [LOG] [useCallHistory] Group filter DEBUG: {groupFilter: , userGroupsCount: 0, userGroups: Array(0), agentProfilesCount: 20, totalCalls: 0} @ http://localhost:3001/_next/static/chunks/node_modules_next_dist_f3530cac._.js:2297
[   17171ms] [LOG] [useCallHistory] Filter results: {inputCount: 0, outputCount: 0} @ http://localhost:3001/_next/static/chunks/node_modules_next_dist_f3530cac._.js:2297
[   17793ms] [LOG] [useCallHistory] Group filter DEBUG: {groupFilter: , userGroupsCount: 0, userGroups: Array(0), agentProfilesCount: 20, totalCalls: 10} @ http://localhost:3001/_next/static/chunks/node_modules_next_dist_f3530cac._.js:2297
[   17793ms] [LOG] [useCallHistory] Filter results: {inputCount: 10, outputCount: 10} @ http://localhost:3001/_next/static/chunks/node_modules_next_dist_f3530cac._.js:2297
[   18835ms] [LOG] [useCallHistory] Group filter DEBUG: {groupFilter: , userGroupsCount: 0, userGroups: Array(0), agentProfilesCount: 20, totalCalls: 10} @ http://localhost:3001/_next/static/chunks/node_modules_next_dist_f3530cac._.js:2297
[   18835ms] [LOG] [useCallHistory] Filter results: {inputCount: 10, outputCount: 10} @ http://localhost:3001/_next/static/chunks/node_modules_next_dist_f3530cac._.js:2297
