[     203ms] [INFO] %cDownload the React DevTools for a better development experience: https://react.dev/link/react-devtools font-weight:bold @ http://localhost:3001/_next/static/chunks/node_modules_next_dist_f3530cac._.js:2297
[     224ms] [LOG] [HMR] connected @ http://localhost:3001/_next/static/chunks/node_modules_next_dist_f3530cac._.js:2297
[     292ms] [ERROR] Failed to load resource: the server responded with a status of 500 (Internal Server Error) @ http://localhost:3001/api/users/settings:0
[     312ms] [LOG] [useCallHistory] Group filter DEBUG: {groupFilter: , userGroupsCount: 0, userGroups: Array(0), agentProfilesCount: 0, totalCalls: 0} @ http://localhost:3001/_next/static/chunks/node_modules_next_dist_f3530cac._.js:2297
[     312ms] [LOG] [useCallHistory] Filter results: {inputCount: 0, outputCount: 0} @ http://localhost:3001/_next/static/chunks/node_modules_next_dist_f3530cac._.js:2297
[     314ms] [LOG] [useCallHistory] Group filter DEBUG: {groupFilter: , userGroupsCount: 0, userGroups: Array(0), agentProfilesCount: 0, totalCalls: 0} @ http://localhost:3001/_next/static/chunks/node_modules_next_dist_f3530cac._.js:2297
[     315ms] [LOG] [useCallHistory] Filter results: {inputCount: 0, outputCount: 0} @ http://localhost:3001/_next/static/chunks/node_modules_next_dist_f3530cac._.js:2297
[    1515ms] [LOG] [useCallHistory] API /api/ctm/agents response: {agentsCount: 20, userGroupsCount: undefined, firstAgent: Object, firstGroup: undefined} @ http://localhost:3001/_next/static/chunks/node_modules_next_dist_f3530cac._.js:2297
[    1516ms] [LOG] [useCallHistory] Mapped agentProfiles: [Object, Object, Object] @ http://localhost:3001/_next/static/chunks/node_modules_next_dist_f3530cac._.js:2297
[    1523ms] [LOG] [useCallHistory] API /api/ctm/agents response: {agentsCount: 20, userGroupsCount: undefined, firstAgent: Object, firstGroup: undefined} @ http://localhost:3001/_next/static/chunks/node_modules_next_dist_f3530cac._.js:2297
[    1523ms] [LOG] [useCallHistory] Mapped agentProfiles: [Object, Object, Object] @ http://localhost:3001/_next/static/chunks/node_modules_next_dist_f3530cac._.js:2297
[    1525ms] [LOG] [useCallHistory] Group filter DEBUG: {groupFilter: , userGroupsCount: 0, userGroups: Array(0), agentProfilesCount: 20, totalCalls: 0} @ http://localhost:3001/_next/static/chunks/node_modules_next_dist_f3530cac._.js:2297
[    1525ms] [LOG] [useCallHistory] Filter results: {inputCount: 0, outputCount: 0} @ http://localhost:3001/_next/static/chunks/node_modules_next_dist_f3530cac._.js:2297
[    1533ms] [LOG] [useCallHistory] Group filter DEBUG: {groupFilter: , userGroupsCount: 0, userGroups: Array(0), agentProfilesCount: 20, totalCalls: 0} @ http://localhost:3001/_next/static/chunks/node_modules_next_dist_f3530cac._.js:2297
[    1533ms] [LOG] [useCallHistory] Filter results: {inputCount: 0, outputCount: 0} @ http://localhost:3001/_next/static/chunks/node_modules_next_dist_f3530cac._.js:2297
[    2350ms] [LOG] [useCallHistory] Group filter DEBUG: {groupFilter: , userGroupsCount: 0, userGroups: Array(0), agentProfilesCount: 20, totalCalls: 10} @ http://localhost:3001/_next/static/chunks/node_modules_next_dist_f3530cac._.js:2297
[    2351ms] [LOG] [useCallHistory] Filter results: {inputCount: 10, outputCount: 10} @ http://localhost:3001/_next/static/chunks/node_modules_next_dist_f3530cac._.js:2297
[    3257ms] [LOG] [useCallHistory] Group filter DEBUG: {groupFilter: , userGroupsCount: 0, userGroups: Array(0), agentProfilesCount: 20, totalCalls: 11} @ http://localhost:3001/_next/static/chunks/node_modules_next_dist_f3530cac._.js:2297
[    3257ms] [LOG] [useCallHistory] Filter results: {inputCount: 11, outputCount: 11} @ http://localhost:3001/_next/static/chunks/node_modules_next_dist_f3530cac._.js:2297
[    3329ms] [LOG] [useCallHistory] Group filter DEBUG: {groupFilter: , userGroupsCount: 0, userGroups: Array(0), agentProfilesCount: 20, totalCalls: 10} @ http://localhost:3001/_next/static/chunks/node_modules_next_dist_f3530cac._.js:2297
[    3330ms] [LOG] [useCallHistory] Filter results: {inputCount: 10, outputCount: 10} @ http://localhost:3001/_next/static/chunks/node_modules_next_dist_f3530cac._.js:2297
[    4211ms] [LOG] [useCallHistory] Group filter DEBUG: {groupFilter: , userGroupsCount: 0, userGroups: Array(0), agentProfilesCount: 20, totalCalls: 11} @ http://localhost:3001/_next/static/chunks/node_modules_next_dist_f3530cac._.js:2297
[    4213ms] [LOG] [useCallHistory] Filter results: {inputCount: 11, outputCount: 11} @ http://localhost:3001/_next/static/chunks/node_modules_next_dist_f3530cac._.js:2297
[   18786ms] [LOG] [Fast Refresh] rebuilding @ http://localhost:3001/_next/static/chunks/node_modules_next_dist_f3530cac._.js:2297
[   18890ms] [LOG] [Fast Refresh] done in 204ms @ http://localhost:3001/_next/static/chunks/node_modules_next_dist_f3530cac._.js:2297
