[     392ms] [INFO] %cDownload the React DevTools for a better development experience: https://react.dev/link/react-devtools font-weight:bold @ http://localhost:3001/_next/static/chunks/node_modules_next_dist_f3530cac._.js:2297
[     462ms] [LOG] [HMR] connected @ http://localhost:3001/_next/static/chunks/node_modules_next_dist_f3530cac._.js:2297
[     545ms] [ERROR] Failed to load resource: the server responded with a status of 401 (Unauthorized) @ http://localhost:3001/api/auth/session:0
[     563ms] [ERROR] Failed to load resource: the server responded with a status of 401 (Unauthorized) @ http://localhost:3001/api/users/settings:0
[     594ms] [LOG] [useCallHistory] Group filter DEBUG: {groupFilter: , userGroupsCount: 0, userGroups: Array(0), agentProfilesCount: 0, totalCalls: 0} @ http://localhost:3001/_next/static/chunks/node_modules_next_dist_f3530cac._.js:2297
[     595ms] [LOG] [useCallHistory] Filter results: {inputCount: 0, outputCount: 0} @ http://localhost:3001/_next/static/chunks/node_modules_next_dist_f3530cac._.js:2297
[     597ms] [LOG] [useCallHistory] Group filter DEBUG: {groupFilter: , userGroupsCount: 0, userGroups: Array(0), agentProfilesCount: 0, totalCalls: 0} @ http://localhost:3001/_next/static/chunks/node_modules_next_dist_f3530cac._.js:2297
[     598ms] [LOG] [useCallHistory] Filter results: {inputCount: 0, outputCount: 0} @ http://localhost:3001/_next/static/chunks/node_modules_next_dist_f3530cac._.js:2297
[     619ms] [ERROR] Failed to load resource: the server responded with a status of 401 (Unauthorized) @ http://localhost:3001/api/users/permissions:0
[     680ms] [ERROR] Failed to fetch agents/groups: TypeError: Failed to fetch
    at useCallHistory.useEffect.fetchAgentsAndGroups (http://localhost:3001/_next/static/chunks/_010284fe._.js:1359:43)
    at useCallHistory.useEffect (http://localhost:3001/_next/static/chunks/_010284fe._.js:1397:13)
    at Object.react_stack_bottom_frame (http://localhost:3001/_next/static/chunks/node_modules_next_dist_compiled_react-dom_1e674e59._.js:14876:22)
    at runWithFiberInDEV (http://localhost:3001/_next/static/chunks/node_modules_next_dist_compiled_react-dom_1e674e59._.js:965:74)
    at commitHookEffectListMount (http://localhost:3001/_next/static/chunks/node_modules_next_dist_compiled_react-dom_1e674e59._.js:7266:167)
    at commitHookPassiveMountEffects (http://localhost:3001/_next/static/chunks/node_modules_next_dist_compiled_react-dom_1e674e59._.js:7301:60)
    at reconnectPassiveEffects (http://localhost:3001/_next/static/chunks/node_modules_next_dist_compiled_react-dom_1e674e59._.js:8786:17)
    at recursivelyTraverseReconnectPassiveEffects (http://localhost:3001/_next/static/chunks/node_modules_next_dist_compiled_react-dom_1e674e59._.js:8773:13)
    at reconnectPassiveEffects (http://localhost:3001/_next/static/chunks/node_modules_next_dist_compiled_react-dom_1e674e59._.js:8785:17)
    at recursivelyTraverseReconnectPassiveEffects (http://localhost:3001/_next/static/chunks/node_modules_next_dist_compiled_react-dom_1e674e59._.js:8773:13)
    at reconnectPassiveEffects (http://localhost:3001/_next/static/chunks/node_modules_next_dist_compiled_react-dom_1e674e59._.js:8785:17)
    at recursivelyTraverseReconnectPassiveEffects (http://localhost:3001/_next/static/chunks/node_modules_next_dist_compiled_react-dom_1e674e59._.js:8773:13)
    at reconnectPassiveEffects (http://localhost:3001/_next/static/chunks/node_modules_next_dist_compiled_react-dom_1e674e59._.js:8800:17)
    at recursivelyTraverseReconnectPassiveEffects (http://localhost:3001/_next/static/chunks/node_modules_next_dist_compiled_react-dom_1e674e59._.js:8773:13)
    at reconnectPassiveEffects (http://localhost:3001/_next/static/chunks/node_modules_next_dist_compiled_react-dom_1e674e59._.js:8800:17)
    at recursivelyTraverseReconnectPassiveEffects (http://localhost:3001/_next/static/chunks/node_modules_next_dist_compiled_react-dom_1e674e59._.js:8773:13)
    at reconnectPassiveEffects (http://localhost:3001/_next/static/chunks/node_modules_next_dist_compiled_react-dom_1e674e59._.js:8785:17)
    at recursivelyTraverseReconnectPassiveEffects (http://localhost:3001/_next/static/chunks/node_modules_next_dist_compiled_react-dom_1e674e59._.js:8773:13)
    at reconnectPassiveEffects (http://localhost:3001/_next/static/chunks/node_modules_next_dist_compiled_react-dom_1e674e59._.js:8800:17)
    at recursivelyTraverseReconnectPassiveEffects (http://localhost:3001/_next/static/chunks/node_modules_next_dist_compiled_react-dom_1e674e59._.js:8773:13)
    at reconnectPassiveEffects (http://localhost:3001/_next/static/chunks/node_modules_next_dist_compiled_react-dom_1e674e59._.js:8785:17)
    at recursivelyTraverseReconnectPassiveEffects (http://localhost:3001/_next/static/chunks/node_modules_next_dist_compiled_react-dom_1e674e59._.js:8773:13)
    at reconnectPassiveEffects (http://localhost:3001/_next/static/chunks/node_modules_next_dist_compiled_react-dom_1e674e59._.js:8785:17)
    at recursivelyTraverseReconnectPassiveEffects (http://localhost:3001/_next/static/chunks/node_modules_next_dist_compiled_react-dom_1e674e59._.js:8773:13)
    at reconnectPassiveEffects (http://localhost:3001/_next/static/chunks/node_modules_next_dist_compiled_react-dom_1e674e59._.js:8792:443)
    at recursivelyTraverseReconnectPassiveEffects (http://localhost:3001/_next/static/chunks/node_modules_next_dist_compiled_react-dom_1e674e59._.js:8773:13)
    at reconnectPassiveEffects (http://localhost:3001/_next/static/chunks/node_modules_next_dist_compiled_react-dom_1e674e59._.js:8800:17)
    at recursivelyTraverseReconnectPassiveEffects (http://localhost:3001/_next/static/chunks/node_modules_next_dist_compiled_react-dom_1e674e59._.js:8773:13)
    at reconnectPassiveEffects (http://localhost:3001/_next/static/chunks/node_modules_next_dist_compiled_react-dom_1e674e59._.js:8785:17)
    at recursivelyTraverseReconnectPassiveEffects (http://localhost:3001/_next/static/chunks/node_modules_next_dist_compiled_react-dom_1e674e59._.js:8773:13)
    at reconnectPassiveEffects (http://localhost:3001/_next/static/chunks/node_modules_next_dist_compiled_react-dom_1e674e59._.js:8785:17)
    at recursivelyTraverseReconnectPassiveEffects (http://localhost:3001/_next/static/chunks/node_modules_next_dist_compiled_react-dom_1e674e59._.js:8773:13)
    at reconnectPassiveEffects (http://localhost:3001/_next/static/chunks/node_modules_next_dist_compiled_react-dom_1e674e59._.js:8800:17)
    at recursivelyTraverseReconnectPassiveEffects (http://localhost:3001/_next/static/chunks/node_modules_next_dist_compiled_react-dom_1e674e59._.js:8773:13)
    at reconnectPassiveEffects (http://localhost:3001/_next/static/chunks/node_modules_next_dist_compiled_react-dom_1e674e59._.js:8785:17)
    at recursivelyTraverseReconnectPassiveEffects (http://localhost:3001/_next/static/chunks/node_modules_next_dist_compiled_react-dom_1e674e59._.js:8773:13)
    at reconnectPassiveEffects (http://localhost:3001/_next/static/chunks/node_modules_next_dist_compiled_react-dom_1e674e59._.js:8785:17)
    at recursivelyTraverseReconnectPassiveEffects (http://localhost:3001/_next/static/chunks/node_modules_next_dist_compiled_react-dom_1e674e59._.js:8773:13)
    at reconnectPassiveEffects (http://localhost:3001/_next/static/chunks/node_modules_next_dist_compiled_react-dom_1e674e59._.js:8800:17)
    at recursivelyTraverseReconnectPassiveEffects (http://localhost:3001/_next/static/chunks/node_modules_next_dist_compiled_react-dom_1e674e59._.js:8773:13)
    at reconnectPassiveEffects (http://localhost:3001/_next/static/chunks/node_modules_next_dist_compiled_react-dom_1e674e59._.js:8800:17)
    at recursivelyTraverseReconnectPassiveEffects (http://localhost:3001/_next/static/chunks/node_modules_next_dist_compiled_react-dom_1e674e59._.js:8773:13)
    at reconnectPassiveEffects (http://localhost:3001/_next/static/chunks/node_modules_next_dist_compiled_react-dom_1e674e59._.js:8785:17)
    at recursivelyTraverseReconnectPassiveEffects (http://localhost:3001/_next/static/chunks/node_modules_next_dist_compiled_react-dom_1e674e59._.js:8773:13)
    at reconnectPassiveEffects (http://localhost:3001/_next/static/chunks/node_modules_next_dist_compiled_react-dom_1e674e59._.js:8785:17)
    at recursivelyTraverseReconnectPassiveEffects (http://localhost:3001/_next/static/chunks/node_modules_next_dist_compiled_react-dom_1e674e59._.js:8773:13)
    at reconnectPassiveEffects (http://localhost:3001/_next/static/chunks/node_modules_next_dist_compiled_react-dom_1e674e59._.js:8800:17)
    at recursivelyTraverseReconnectPassiveEffects (http://localhost:3001/_next/static/chunks/node_modules_next_dist_compiled_react-dom_1e674e59._.js:8773:13)
    at reconnectPassiveEffects (http://localhost:3001/_next/static/chunks/node_modules_next_dist_compiled_react-dom_1e674e59._.js:8800:17)
    at recursivelyTraverseReconnectPassiveEffects (http://localhost:3001/_next/static/chunks/node_modules_next_dist_compiled_react-dom_1e674e59._.js:8773:13) @ http://localhost:3001/_next/static/chunks/node_modules_next_dist_f3530cac._.js:3127
[     680ms] [ERROR] Failed to fetch agents/groups: TypeError: Failed to fetch
    at useCallHistory.useEffect.fetchAgentsAndGroups (http://localhost:3001/_next/static/chunks/_010284fe._.js:1359:43)
    at useCallHistory.useEffect (http://localhost:3001/_next/static/chunks/_010284fe._.js:1397:13)
    at Object.react_stack_bottom_frame (http://localhost:3001/_next/static/chunks/node_modules_next_dist_compiled_react-dom_1e674e59._.js:14876:22)
    at runWithFiberInDEV (http://localhost:3001/_next/static/chunks/node_modules_next_dist_compiled_react-dom_1e674e59._.js:965:74)
    at commitHookEffectListMount (http://localhost:3001/_next/static/chunks/node_modules_next_dist_compiled_react-dom_1e674e59._.js:7266:167)
    at commitHookPassiveMountEffects (http://localhost:3001/_next/static/chunks/node_modules_next_dist_compiled_react-dom_1e674e59._.js:7301:60)
    at reconnectPassiveEffects (http://localhost:3001/_next/static/chunks/node_modules_next_dist_compiled_react-dom_1e674e59._.js:8786:17)
    at recursivelyTraverseReconnectPassiveEffects (http://localhost:3001/_next/static/chunks/node_modules_next_dist_compiled_react-dom_1e674e59._.js:8773:13)
    at reconnectPassiveEffects (http://localhost:3001/_next/static/chunks/node_modules_next_dist_compiled_react-dom_1e674e59._.js:8785:17)
    at recursivelyTraverseReconnectPassiveEffects (http://localhost:3001/_next/static/chunks/node_modules_next_dist_compiled_react-dom_1e674e59._.js:8773:13)
    at reconnectPassiveEffects (http://localhost:3001/_next/static/chunks/node_modules_next_dist_compiled_react-dom_1e674e59._.js:8785:17)
    at recursivelyTraverseReconnectPassiveEffects (http://localhost:3001/_next/static/chunks/node_modules_next_dist_compiled_react-dom_1e674e59._.js:8773:13)
    at reconnectPassiveEffects (http://localhost:3001/_next/static/chunks/node_modules_next_dist_compiled_react-dom_1e674e59._.js:8800:17)
    at recursivelyTraverseReconnectPassiveEffects (http://localhost:3001/_next/static/chunks/node_modules_next_dist_compiled_react-dom_1e674e59._.js:8773:13)
    at reconnectPassiveEffects (http://localhost:3001/_next/static/chunks/node_modules_next_dist_compiled_react-dom_1e674e59._.js:8800:17)
    at recursivelyTraverseReconnectPassiveEffects (http://localhost:3001/_next/static/chunks/node_modules_next_dist_compiled_react-dom_1e674e59._.js:8773:13)
    at reconnectPassiveEffects (http://localhost:3001/_next/static/chunks/node_modules_next_dist_compiled_react-dom_1e674e59._.js:8785:17)
    at recursivelyTraverseReconnectPassiveEffects (http://localhost:3001/_next/static/chunks/node_modules_next_dist_compiled_react-dom_1e674e59._.js:8773:13)
    at reconnectPassiveEffects (http://localhost:3001/_next/static/chunks/node_modules_next_dist_compiled_react-dom_1e674e59._.js:8800:17)
    at recursivelyTraverseReconnectPassiveEffects (http://localhost:3001/_next/static/chunks/node_modules_next_dist_compiled_react-dom_1e674e59._.js:8773:13)
    at reconnectPassiveEffects (http://localhost:3001/_next/static/chunks/node_modules_next_dist_compiled_react-dom_1e674e59._.js:8785:17)
    at recursivelyTraverseReconnectPassiveEffects (http://localhost:3001/_next/static/chunks/node_modules_next_dist_compiled_react-dom_1e674e59._.js:8773:13)
    at reconnectPassiveEffects (http://localhost:3001/_next/static/chunks/node_modules_next_dist_compiled_react-dom_1e674e59._.js:8785:17)
    at recursivelyTraverseReconnectPassiveEffects (http://localhost:3001/_next/static/chunks/node_modules_next_dist_compiled_react-dom_1e674e59._.js:8773:13)
    at reconnectPassiveEffects (http://localhost:3001/_next/static/chunks/node_modules_next_dist_compiled_react-dom_1e674e59._.js:8792:443)
    at recursivelyTraverseReconnectPassiveEffects (http://localhost:3001/_next/static/chunks/node_modules_next_dist_compiled_react-dom_1e674e59._.js:8773:13)
    at reconnectPassiveEffects (http://localhost:3001/_next/static/chunks/node_modules_next_dist_compiled_react-dom_1e674e59._.js:8800:17)
    at recursivelyTraverseReconnectPassiveEffects (http://localhost:3001/_next/static/chunks/node_modules_next_dist_compiled_react-dom_1e674e59._.js:8773:13)
    at reconnectPassiveEffects (http://localhost:3001/_next/static/chunks/node_modules_next_dist_compiled_react-dom_1e674e59._.js:8785:17)
    at recursivelyTraverseReconnectPassiveEffects (http://localhost:3001/_next/static/chunks/node_modules_next_dist_compiled_react-dom_1e674e59._.js:8773:13)
    at reconnectPassiveEffects (http://localhost:3001/_next/static/chunks/node_modules_next_dist_compiled_react-dom_1e674e59._.js:8785:17)
    at recursivelyTraverseReconnectPassiveEffects (http://localhost:3001/_next/static/chunks/node_modules_next_dist_compiled_react-dom_1e674e59._.js:8773:13)
    at reconnectPassiveEffects (http://localhost:3001/_next/static/chunks/node_modules_next_dist_compiled_react-dom_1e674e59._.js:8800:17)
    at recursivelyTraverseReconnectPassiveEffects (http://localhost:3001/_next/static/chunks/node_modules_next_dist_compiled_react-dom_1e674e59._.js:8773:13)
    at reconnectPassiveEffects (http://localhost:3001/_next/static/chunks/node_modules_next_dist_compiled_react-dom_1e674e59._.js:8785:17)
    at recursivelyTraverseReconnectPassiveEffects (http://localhost:3001/_next/static/chunks/node_modules_next_dist_compiled_react-dom_1e674e59._.js:8773:13)
    at reconnectPassiveEffects (http://localhost:3001/_next/static/chunks/node_modules_next_dist_compiled_react-dom_1e674e59._.js:8785:17)
    at recursivelyTraverseReconnectPassiveEffects (http://localhost:3001/_next/static/chunks/node_modules_next_dist_compiled_react-dom_1e674e59._.js:8773:13)
    at reconnectPassiveEffects (http://localhost:3001/_next/static/chunks/node_modules_next_dist_compiled_react-dom_1e674e59._.js:8800:17)
    at recursivelyTraverseReconnectPassiveEffects (http://localhost:3001/_next/static/chunks/node_modules_next_dist_compiled_react-dom_1e674e59._.js:8773:13)
    at reconnectPassiveEffects (http://localhost:3001/_next/static/chunks/node_modules_next_dist_compiled_react-dom_1e674e59._.js:8800:17)
    at recursivelyTraverseReconnectPassiveEffects (http://localhost:3001/_next/static/chunks/node_modules_next_dist_compiled_react-dom_1e674e59._.js:8773:13)
    at reconnectPassiveEffects (http://localhost:3001/_next/static/chunks/node_modules_next_dist_compiled_react-dom_1e674e59._.js:8785:17)
    at recursivelyTraverseReconnectPassiveEffects (http://localhost:3001/_next/static/chunks/node_modules_next_dist_compiled_react-dom_1e674e59._.js:8773:13)
    at reconnectPassiveEffects (http://localhost:3001/_next/static/chunks/node_modules_next_dist_compiled_react-dom_1e674e59._.js:8785:17)
    at recursivelyTraverseReconnectPassiveEffects (http://localhost:3001/_next/static/chunks/node_modules_next_dist_compiled_react-dom_1e674e59._.js:8773:13)
    at reconnectPassiveEffects (http://localhost:3001/_next/static/chunks/node_modules_next_dist_compiled_react-dom_1e674e59._.js:8800:17)
    at recursivelyTraverseReconnectPassiveEffects (http://localhost:3001/_next/static/chunks/node_modules_next_dist_compiled_react-dom_1e674e59._.js:8773:13)
    at reconnectPassiveEffects (http://localhost:3001/_next/static/chunks/node_modules_next_dist_compiled_react-dom_1e674e59._.js:8800:17)
    at recursivelyTraverseReconnectPassiveEffects (http://localhost:3001/_next/static/chunks/node_modules_next_dist_compiled_react-dom_1e674e59._.js:8773:13) @ http://localhost:3001/_next/static/chunks/node_modules_next_dist_f3530cac._.js:3127
[     706ms] [VERBOSE] [DOM] Input elements should have autocomplete attributes (suggested: "username"): (More info: https://goo.gl/9p2vKq) %o @ http://localhost:3001/:0
[     766ms] [INFO] %cDownload the React DevTools for a better development experience: https://react.dev/link/react-devtools font-weight:bold @ http://localhost:3001/_next/static/chunks/node_modules_next_dist_f3530cac._.js:2297
[     781ms] [LOG] [HMR] connected @ http://localhost:3001/_next/static/chunks/node_modules_next_dist_f3530cac._.js:2297
