[     171ms] [VERBOSE] [DOM] Input elements should have autocomplete attributes (suggested: "username"): (More info: https://goo.gl/9p2vKq) %o @ http://localhost:3001/:0
[     221ms] [INFO] %cDownload the React DevTools for a better development experience: https://react.dev/link/react-devtools font-weight:bold @ http://localhost:3001/_next/static/chunks/node_modules_next_dist_f3530cac._.js:2297
[     236ms] [LOG] [HMR] connected @ http://localhost:3001/_next/static/chunks/node_modules_next_dist_f3530cac._.js:2297
[  188828ms] [LOG] [Fast Refresh] rebuilding @ http://localhost:3001/_next/static/chunks/node_modules_next_dist_f3530cac._.js:2297
[  188891ms] [LOG] [Fast Refresh] done in 174ms @ http://localhost:3001/_next/static/chunks/node_modules_next_dist_f3530cac._.js:2297
[  195021ms] [LOG] [Fast Refresh] rebuilding @ http://localhost:3001/_next/static/chunks/node_modules_next_dist_f3530cac._.js:2297
[  195043ms] [LOG] [Fast Refresh] done in 123ms @ http://localhost:3001/_next/static/chunks/node_modules_next_dist_f3530cac._.js:2297
[  288897ms] [LOG] [Fast Refresh] rebuilding @ http://localhost:3001/_next/static/chunks/node_modules_next_dist_f3530cac._.js:2297
[  289143ms] [LOG] [Fast Refresh] done in 355ms @ http://localhost:3001/_next/static/chunks/node_modules_next_dist_f3530cac._.js:2297
[  289262ms] [LOG] [Fast Refresh] rebuilding @ http://localhost:3001/_next/static/chunks/node_modules_next_dist_f3530cac._.js:2297
[  289556ms] [LOG] [Fast Refresh] done in 396ms @ http://localhost:3001/_next/static/chunks/node_modules_next_dist_f3530cac._.js:2297
[  289991ms] [ERROR] Failed to load resource: the server responded with a status of 500 (Internal Server Error) @ http://localhost:3001/api/users/settings:0
[  290057ms] [ERROR] Failed to load resource: the server responded with a status of 500 (Internal Server Error) @ http://localhost:3001/api/users/settings:0
[  291335ms] [LOG] [Fast Refresh] rebuilding @ http://localhost:3001/_next/static/chunks/node_modules_next_dist_f3530cac._.js:2297
[  291338ms] [ERROR] Failed to load resource: the server responded with a status of 500 (Internal Server Error) @ http://localhost:3001/api/users/settings:0
[  291369ms] [LOG] [Fast Refresh] done in 136ms @ http://localhost:3001/_next/static/chunks/node_modules_next_dist_f3530cac._.js:2297
[  291419ms] [ERROR] Failed to load resource: the server responded with a status of 500 (Internal Server Error) @ http://localhost:3001/api/users/settings:0
[  308754ms] [LOG] [useCallHistory] Group filter DEBUG: {groupFilter: , userGroupsCount: 0, userGroups: Array(0), agentProfilesCount: 0, totalCalls: 0} @ http://localhost:3001/_next/static/chunks/node_modules_next_dist_f3530cac._.js:2297
[  308757ms] [LOG] [useCallHistory] Filter results: {inputCount: 0, outputCount: 0} @ http://localhost:3001/_next/static/chunks/node_modules_next_dist_f3530cac._.js:2297
[  308759ms] [LOG] [useCallHistory] Group filter DEBUG: {groupFilter: , userGroupsCount: 0, userGroups: Array(0), agentProfilesCount: 0, totalCalls: 0} @ http://localhost:3001/_next/static/chunks/node_modules_next_dist_f3530cac._.js:2297
[  308759ms] [LOG] [useCallHistory] Filter results: {inputCount: 0, outputCount: 0} @ http://localhost:3001/_next/static/chunks/node_modules_next_dist_f3530cac._.js:2297
[  310677ms] [LOG] [useCallHistory] Group filter DEBUG: {groupFilter: , userGroupsCount: 0, userGroups: Array(0), agentProfilesCount: 0, totalCalls: 10} @ http://localhost:3001/_next/static/chunks/node_modules_next_dist_f3530cac._.js:2297
[  310677ms] [LOG] [useCallHistory] Filter results: {inputCount: 10, outputCount: 10} @ http://localhost:3001/_next/static/chunks/node_modules_next_dist_f3530cac._.js:2297
[  311376ms] [LOG] [useCallHistory] API /api/ctm/agents response: {agentsCount: 20, userGroupsCount: undefined, firstAgent: Object, firstGroup: undefined} @ http://localhost:3001/_next/static/chunks/node_modules_next_dist_f3530cac._.js:2297
[  311377ms] [LOG] [useCallHistory] Mapped agentProfiles: [Object, Object, Object] @ http://localhost:3001/_next/static/chunks/node_modules_next_dist_f3530cac._.js:2297
[  311395ms] [LOG] [useCallHistory] Group filter DEBUG: {groupFilter: , userGroupsCount: 0, userGroups: Array(0), agentProfilesCount: 20, totalCalls: 10} @ http://localhost:3001/_next/static/chunks/node_modules_next_dist_f3530cac._.js:2297
[  311396ms] [LOG] [useCallHistory] Filter results: {inputCount: 10, outputCount: 10} @ http://localhost:3001/_next/static/chunks/node_modules_next_dist_f3530cac._.js:2297
[  311396ms] [LOG] [useCallHistory] API /api/ctm/agents response: {agentsCount: 20, userGroupsCount: undefined, firstAgent: Object, firstGroup: undefined} @ http://localhost:3001/_next/static/chunks/node_modules_next_dist_f3530cac._.js:2297
[  311396ms] [LOG] [useCallHistory] Mapped agentProfiles: [Object, Object, Object] @ http://localhost:3001/_next/static/chunks/node_modules_next_dist_f3530cac._.js:2297
[  311417ms] [LOG] [useCallHistory] Group filter DEBUG: {groupFilter: , userGroupsCount: 0, userGroups: Array(0), agentProfilesCount: 20, totalCalls: 10} @ http://localhost:3001/_next/static/chunks/node_modules_next_dist_f3530cac._.js:2297
[  311417ms] [LOG] [useCallHistory] Filter results: {inputCount: 10, outputCount: 10} @ http://localhost:3001/_next/static/chunks/node_modules_next_dist_f3530cac._.js:2297
[  312356ms] [LOG] [useCallHistory] Group filter DEBUG: {groupFilter: , userGroupsCount: 0, userGroups: Array(0), agentProfilesCount: 20, totalCalls: 10} @ http://localhost:3001/_next/static/chunks/node_modules_next_dist_f3530cac._.js:2297
[  312356ms] [LOG] [useCallHistory] Filter results: {inputCount: 10, outputCount: 10} @ http://localhost:3001/_next/static/chunks/node_modules_next_dist_f3530cac._.js:2297
[  328250ms] [LOG] [Fast Refresh] rebuilding @ http://localhost:3001/_next/static/chunks/node_modules_next_dist_f3530cac._.js:2297
[  329758ms] [LOG] [Fast Refresh] done in 1609ms @ http://localhost:3001/_next/static/chunks/node_modules_next_dist_f3530cac._.js:2297
[  330531ms] [LOG] [Fast Refresh] rebuilding @ http://localhost:3001/_next/static/chunks/node_modules_next_dist_f3530cac._.js:2297
[  330671ms] [LOG] [Fast Refresh] done in 242ms @ http://localhost:3001/_next/static/chunks/node_modules_next_dist_f3530cac._.js:2297
